#
# There is insufficient memory for the Java Runtime Environment to continue.
# Native memory allocation (malloc) failed to allocate 1159056 bytes for Chunk::new
# Possible reasons:
#   The system is out of physical RAM or swap space
#   The process is running with CompressedOops enabled, and the Java Heap may be blocking the growth of the native heap
# Possible solutions:
#   Reduce memory load on the system
#   Increase physical memory or swap space
#   Check if swap backing store is full
#   Decrease Java heap size (-Xmx/-Xms)
#   Decrease number of Java threads
#   Decrease Java thread stack sizes (-Xss)
#   Set larger code cache with -XX:ReservedCodeCacheSize=
#   JVM is running with Unscaled Compressed Oops mode in which the Java heap is
#     placed in the first 4GB address space. The Java Heap base address is the
#     maximum limit for the native heap growth. Please use -XX:HeapBaseMinAddress
#     to set the Java Heap base and to place the Java Heap above 4GB virtual address.
# This output file may be truncated or incomplete.
#
#  Out of Memory Error (./src/hotspot/share/memory/arena.cpp:197), pid=12604, tid=6184
#
# JRE version: OpenJDK Runtime Environment (11.0.12+7) (build 11.0.12+7-b1504.28-7817840)
# Java VM: OpenJDK 64-Bit Server VM (11.0.12+7-b1504.28-7817840, mixed mode, tiered, compressed oops, g1 gc, windows-amd64)
# No core dump will be written. Minidumps are not enabled by default on client versions of Windows
#

---------------  S U M M A R Y ------------

Command Line: --add-opens=java.base/java.util=ALL-UNNAMED --add-opens=java.base/java.lang=ALL-UNNAMED --add-opens=java.base/java.lang.invoke=ALL-UNNAMED --add-opens=java.base/java.util=ALL-UNNAMED --add-opens=java.prefs/java.util.prefs=ALL-UNNAMED --add-opens=java.prefs/java.util.prefs=ALL-UNNAMED --add-opens=java.base/java.nio.charset=ALL-UNNAMED --add-opens=java.base/java.net=ALL-UNNAMED --add-opens=java.base/java.util.concurrent.atomic=ALL-UNNAMED -Xmx2048m -Dfile.encoding=UTF-8 -Duser.country=BR -Duser.language=pt -Duser.variant org.gradle.launcher.daemon.bootstrap.GradleDaemon 7.3.3

Host: Intel(R) Core(TM) i5-7300U CPU @ 2.60GHz, 4 cores, 11G,  Windows 10 , 64 bit Build 19041 (10.0.19041.1706)
Time: Tue Jun 14 20:44:38 2022 Hora oficial do Brasil elapsed time: 19.205963 seconds (0d 0h 0m 19s)

---------------  T H R E A D  ---------------

Current thread (0x0000021662ce6000):  JavaThread "C2 CompilerThread0" daemon [_thread_in_native, id=6184, stack(0x0000005927500000,0x0000005927600000)]


Current CompileTask:
C2:  19206 6165   !   4       jdk.internal.loader.Resource::getBytes (242 bytes)

Stack: [0x0000005927500000,0x0000005927600000]
Native frames: (J=compiled Java code, j=interpreted, Vv=VM code, C=native code)
V  [jvm.dll+0x5fbcea]
V  [jvm.dll+0x731905]
V  [jvm.dll+0x732f1d]
V  [jvm.dll+0x7335d3]
V  [jvm.dll+0x247bf8]
V  [jvm.dll+0xc018c]
V  [jvm.dll+0xc06cc]
V  [jvm.dll+0x35b31d]
V  [jvm.dll+0x328803]
V  [jvm.dll+0x327cfa]
V  [jvm.dll+0x200602]
V  [jvm.dll+0x1ff794]
V  [jvm.dll+0x18868c]
V  [jvm.dll+0x20e0d7]
V  [jvm.dll+0x20c901]
V  [jvm.dll+0x6f9b7f]
V  [jvm.dll+0x6f26a5]
V  [jvm.dll+0x5fabf6]
C  [ucrtbase.dll+0x21bb2]
C  [KERNEL32.DLL+0x17034]
C  [ntdll.dll+0x52651]


---------------  P R O C E S S  ---------------

Threads class SMR info:
_java_thread_list=0x00000216689be7d0, length=79, elements={
0x000002164883f800, 0x000002166247f000, 0x0000021662489800, 0x0000021662cd9800,
0x0000021662cdc800, 0x0000021662cdf000, 0x0000021662ce6000, 0x0000021662ce8000,
0x0000021662ceb800, 0x0000021662e4c000, 0x0000021664411000, 0x00000216650a3800,
0x0000021664276000, 0x00000216646e4000, 0x0000021664e15000, 0x000002166563a800,
0x0000021665b48800, 0x00000216652e2800, 0x0000021666433800, 0x0000021665a8e000,
0x0000021665a89000, 0x0000021665a88800, 0x0000021665a8f000, 0x0000021665a8b800,
0x0000021665a8c800, 0x0000021665a8a000, 0x0000021665a8d000, 0x0000021665a8a800,
0x0000021667f07000, 0x0000021667f0a000, 0x0000021667f08800, 0x0000021667f08000,
0x0000021667f0b000, 0x0000021667f06000, 0x0000021667f11800, 0x0000021667f0d800,
0x0000021667f0e800, 0x0000021667f0f000, 0x0000021667f10000, 0x0000021667f13000,
0x0000021667f11000, 0x0000021667f15000, 0x0000021667f12800, 0x0000021667f14000,
0x0000021666f41000, 0x0000021666f43800, 0x0000021666f42000, 0x0000021666f40800,
0x0000021666f43000, 0x0000021666f44800, 0x0000021666f3f800, 0x0000021666f3f000,
0x0000021666f4b000, 0x0000021666f48800, 0x0000021666f49800, 0x0000021666f4a000,
0x0000021666f45800, 0x0000021666f4c000, 0x0000021666f46000, 0x0000021666f4c800,
0x0000021666f47000, 0x0000021666f4d800, 0x0000021666f48000, 0x0000021663ba2000,
0x0000021663ba3000, 0x0000021663ba5800, 0x0000021663ba6000, 0x0000021663ba7000,
0x0000021663ba7800, 0x0000021663ba8800, 0x0000021663ba9800, 0x0000021663ba3800,
0x0000021663baa000, 0x0000021663ba4800, 0x0000021663baf000, 0x0000021663bb0800,
0x0000021663bab000, 0x0000021663bae800, 0x0000021663bac000
}

Java Threads: ( => current thread )
  0x000002164883f800 JavaThread "main" [_thread_blocked, id=13900, stack(0x0000005926900000,0x0000005926a00000)]
  0x000002166247f000 JavaThread "Reference Handler" daemon [_thread_blocked, id=11176, stack(0x0000005927000000,0x0000005927100000)]
  0x0000021662489800 JavaThread "Finalizer" daemon [_thread_blocked, id=8976, stack(0x0000005927100000,0x0000005927200000)]
  0x0000021662cd9800 JavaThread "Signal Dispatcher" daemon [_thread_blocked, id=13804, stack(0x0000005927200000,0x0000005927300000)]
  0x0000021662cdc800 JavaThread "Attach Listener" daemon [_thread_blocked, id=12100, stack(0x0000005927300000,0x0000005927400000)]
  0x0000021662cdf000 JavaThread "Service Thread" daemon [_thread_blocked, id=12940, stack(0x0000005927400000,0x0000005927500000)]
=>0x0000021662ce6000 JavaThread "C2 CompilerThread0" daemon [_thread_in_native, id=6184, stack(0x0000005927500000,0x0000005927600000)]
  0x0000021662ce8000 JavaThread "C1 CompilerThread0" daemon [_thread_blocked, id=5404, stack(0x0000005927600000,0x0000005927700000)]
  0x0000021662ceb800 JavaThread "Sweeper thread" daemon [_thread_blocked, id=12408, stack(0x0000005927700000,0x0000005927800000)]
  0x0000021662e4c000 JavaThread "Common-Cleaner" daemon [_thread_blocked, id=3292, stack(0x0000005927800000,0x0000005927900000)]
  0x0000021664411000 JavaThread "Daemon health stats" [_thread_blocked, id=4612, stack(0x0000005927e00000,0x0000005927f00000)]
  0x00000216650a3800 JavaThread "Incoming local TCP Connector on port 50933" [_thread_in_native, id=15420, stack(0x0000005927a00000,0x0000005927b00000)]
  0x0000021664276000 JavaThread "Daemon periodic checks" [_thread_blocked, id=12804, stack(0x0000005927f00000,0x0000005928000000)]
  0x00000216646e4000 JavaThread "Daemon" [_thread_blocked, id=3740, stack(0x0000005928000000,0x0000005928100000)]
  0x0000021664e15000 JavaThread "Handler for socket connection from /127.0.0.1:50933 to /127.0.0.1:50934" [_thread_in_native, id=13684, stack(0x0000005928100000,0x0000005928200000)]
  0x000002166563a800 JavaThread "Cancel handler" [_thread_blocked, id=15892, stack(0x0000005928200000,0x0000005928300000)]
  0x0000021665b48800 JavaThread "Daemon worker" [_thread_in_vm, id=15004, stack(0x0000005928300000,0x0000005928400000)]
  0x00000216652e2800 JavaThread "Asynchronous log dispatcher for DefaultDaemonConnection: socket connection from /127.0.0.1:50933 to /127.0.0.1:50934" [_thread_blocked, id=12608, stack(0x0000005928400000,0x0000005928500000)]
  0x0000021666433800 JavaThread "Stdin handler" [_thread_blocked, id=6948, stack(0x0000005928500000,0x0000005928600000)]
  0x0000021665a8e000 JavaThread "Daemon client event forwarder" [_thread_blocked, id=14224, stack(0x0000005928600000,0x0000005928700000)]
  0x0000021665a89000 JavaThread "Cache worker for journal cache (C:\Users\denaa\.gradle\caches\journal-1)" [_thread_blocked, id=9364, stack(0x0000005928700000,0x0000005928800000)]
  0x0000021665a88800 JavaThread "File lock request listener" [_thread_in_native, id=5224, stack(0x0000005928800000,0x0000005928900000)]
  0x0000021665a8f000 JavaThread "Cache worker for file hash cache (C:\Users\denaa\.gradle\caches\7.3.3\fileHashes)" [_thread_blocked, id=11268, stack(0x0000005928900000,0x0000005928a00000)]
  0x0000021665a8b800 JavaThread "Cache worker for file hash cache (C:\Users\denaa\AndroidStudioProjects\LocalizaReciclagem\.gradle\7.3.3\fileHashes)" [_thread_blocked, id=13064, stack(0x0000005928b00000,0x0000005928c00000)]
  0x0000021665a8c800 JavaThread "File watcher server" daemon [_thread_in_native, id=16196, stack(0x0000005928c00000,0x0000005928d00000)]
  0x0000021665a8a000 JavaThread "File watcher consumer" daemon [_thread_blocked, id=10108, stack(0x0000005928d00000,0x0000005928e00000)]
  0x0000021665a8d000 JavaThread "Cache worker for checksums cache (C:\Users\denaa\AndroidStudioProjects\LocalizaReciclagem\.gradle\7.3.3\checksums)" [_thread_blocked, id=12768, stack(0x0000005928a00000,0x0000005928b00000)]
  0x0000021665a8a800 JavaThread "Cache worker for cache directory md-supplier (C:\Users\denaa\.gradle\caches\7.3.3\md-supplier)" [_thread_blocked, id=7676, stack(0x0000005928e00000,0x0000005928f00000)]
  0x0000021667f07000 JavaThread "Cache worker for cache directory md-rule (C:\Users\denaa\.gradle\caches\7.3.3\md-rule)" [_thread_blocked, id=3460, stack(0x0000005929000000,0x0000005929100000)]
  0x0000021667f0a000 JavaThread "Cache worker for execution history cache (C:\Users\denaa\.gradle\caches\7.3.3\executionHistory)" [_thread_blocked, id=3368, stack(0x0000005929100000,0x0000005929200000)]
  0x0000021667f08800 JavaThread "jar transforms" [_thread_blocked, id=8344, stack(0x0000005929200000,0x0000005929300000)]
  0x0000021667f08000 JavaThread "Cache worker for file content cache (C:\Users\denaa\.gradle\caches\7.3.3\fileContent)" [_thread_blocked, id=13344, stack(0x0000005929300000,0x0000005929400000)]
  0x0000021667f0b000 JavaThread "jar transforms Thread 2" [_thread_blocked, id=11032, stack(0x0000005928f00000,0x0000005929000000)]
  0x0000021667f06000 JavaThread "Cache worker for dependencies-accessors (C:\Users\denaa\AndroidStudioProjects\LocalizaReciclagem\.gradle\7.3.3\dependencies-accessors)" [_thread_blocked, id=1124, stack(0x0000005929500000,0x0000005929600000)]
  0x0000021667f11800 JavaThread "jar transforms Thread 3" [_thread_blocked, id=15220, stack(0x0000005929400000,0x0000005929500000)]
  0x0000021667f0d800 JavaThread "Cache worker for Build Output Cleanup Cache (C:\Users\denaa\AndroidStudioProjects\LocalizaReciclagem\.gradle\buildOutputCleanup)" [_thread_blocked, id=12712, stack(0x0000005929600000,0x0000005929700000)]
  0x0000021667f0e800 JavaThread "Unconstrained build operations" [_thread_blocked, id=5716, stack(0x0000005929800000,0x0000005929900000)]
  0x0000021667f0f000 JavaThread "Unconstrained build operations Thread 2" [_thread_blocked, id=13288, stack(0x0000005929900000,0x0000005929a00000)]
  0x0000021667f10000 JavaThread "Unconstrained build operations Thread 3" [_thread_blocked, id=12368, stack(0x0000005929a00000,0x0000005929b00000)]
  0x0000021667f13000 JavaThread "Unconstrained build operations Thread 4" [_thread_blocked, id=14248, stack(0x0000005929b00000,0x0000005929c00000)]
  0x0000021667f11000 JavaThread "Unconstrained build operations Thread 5" [_thread_blocked, id=15444, stack(0x0000005929c00000,0x0000005929d00000)]
  0x0000021667f15000 JavaThread "Unconstrained build operations Thread 6" [_thread_blocked, id=13224, stack(0x0000005929d00000,0x0000005929e00000)]
  0x0000021667f12800 JavaThread "Unconstrained build operations Thread 7" [_thread_blocked, id=7920, stack(0x0000005929e00000,0x0000005929f00000)]
  0x0000021667f14000 JavaThread "Unconstrained build operations Thread 8" [_thread_blocked, id=13504, stack(0x0000005929f00000,0x000000592a000000)]
  0x0000021666f41000 JavaThread "Unconstrained build operations Thread 9" [_thread_blocked, id=5996, stack(0x000000592a000000,0x000000592a100000)]
  0x0000021666f43800 JavaThread "Unconstrained build operations Thread 10" [_thread_blocked, id=13384, stack(0x000000592a100000,0x000000592a200000)]
  0x0000021666f42000 JavaThread "Unconstrained build operations Thread 11" [_thread_blocked, id=13416, stack(0x000000592a200000,0x000000592a300000)]
  0x0000021666f40800 JavaThread "Unconstrained build operations Thread 12" [_thread_blocked, id=888, stack(0x000000592a300000,0x000000592a400000)]
  0x0000021666f43000 JavaThread "Unconstrained build operations Thread 13" [_thread_blocked, id=5372, stack(0x000000592a400000,0x000000592a500000)]
  0x0000021666f44800 JavaThread "Unconstrained build operations Thread 14" [_thread_blocked, id=14988, stack(0x000000592a500000,0x000000592a600000)]
  0x0000021666f3f800 JavaThread "Unconstrained build operations Thread 15" [_thread_blocked, id=7504, stack(0x000000592a600000,0x000000592a700000)]
  0x0000021666f3f000 JavaThread "Unconstrained build operations Thread 16" [_thread_blocked, id=3832, stack(0x000000592a700000,0x000000592a800000)]
  0x0000021666f4b000 JavaThread "Unconstrained build operations Thread 17" [_thread_blocked, id=12204, stack(0x000000592a800000,0x000000592a900000)]
  0x0000021666f48800 JavaThread "Unconstrained build operations Thread 18" [_thread_blocked, id=7928, stack(0x000000592a900000,0x000000592aa00000)]
  0x0000021666f49800 JavaThread "Unconstrained build operations Thread 19" [_thread_blocked, id=5408, stack(0x0000005929700000,0x0000005929800000)]
  0x0000021666f4a000 JavaThread "Unconstrained build operations Thread 20" [_thread_blocked, id=3316, stack(0x000000592aa00000,0x000000592ab00000)]
  0x0000021666f45800 JavaThread "Unconstrained build operations Thread 21" [_thread_blocked, id=14236, stack(0x000000592ab00000,0x000000592ac00000)]
  0x0000021666f4c000 JavaThread "Unconstrained build operations Thread 22" [_thread_blocked, id=15872, stack(0x000000592ac00000,0x000000592ad00000)]
  0x0000021666f46000 JavaThread "Unconstrained build operations Thread 23" [_thread_blocked, id=12456, stack(0x000000592ad00000,0x000000592ae00000)]
  0x0000021666f4c800 JavaThread "Unconstrained build operations Thread 24" [_thread_blocked, id=12752, stack(0x000000592ae00000,0x000000592af00000)]
  0x0000021666f47000 JavaThread "Unconstrained build operations Thread 25" [_thread_blocked, id=8168, stack(0x000000592af00000,0x000000592b000000)]
  0x0000021666f4d800 JavaThread "Unconstrained build operations Thread 26" [_thread_blocked, id=10392, stack(0x000000592b000000,0x000000592b100000)]
  0x0000021666f48000 JavaThread "Unconstrained build operations Thread 27" [_thread_blocked, id=9848, stack(0x000000592b100000,0x000000592b200000)]
  0x0000021663ba2000 JavaThread "Unconstrained build operations Thread 28" [_thread_blocked, id=11688, stack(0x000000592b200000,0x000000592b300000)]
  0x0000021663ba3000 JavaThread "Unconstrained build operations Thread 29" [_thread_blocked, id=14012, stack(0x000000592b300000,0x000000592b400000)]
  0x0000021663ba5800 JavaThread "Unconstrained build operations Thread 30" [_thread_blocked, id=16004, stack(0x000000592b400000,0x000000592b500000)]
  0x0000021663ba6000 JavaThread "Unconstrained build operations Thread 31" [_thread_blocked, id=14948, stack(0x000000592b500000,0x000000592b600000)]
  0x0000021663ba7000 JavaThread "Unconstrained build operations Thread 32" [_thread_blocked, id=16300, stack(0x000000592b600000,0x000000592b700000)]
  0x0000021663ba7800 JavaThread "Unconstrained build operations Thread 33" [_thread_blocked, id=4976, stack(0x000000592b700000,0x000000592b800000)]
  0x0000021663ba8800 JavaThread "Unconstrained build operations Thread 34" [_thread_blocked, id=14032, stack(0x000000592b800000,0x000000592b900000)]
  0x0000021663ba9800 JavaThread "Unconstrained build operations Thread 35" [_thread_blocked, id=12808, stack(0x000000592b900000,0x000000592ba00000)]
  0x0000021663ba3800 JavaThread "Unconstrained build operations Thread 36" [_thread_blocked, id=15216, stack(0x000000592ba00000,0x000000592bb00000)]
  0x0000021663baa000 JavaThread "Unconstrained build operations Thread 37" [_thread_blocked, id=6812, stack(0x000000592bb00000,0x000000592bc00000)]
  0x0000021663ba4800 JavaThread "Unconstrained build operations Thread 38" [_thread_blocked, id=11648, stack(0x000000592bc00000,0x000000592bd00000)]
  0x0000021663baf000 JavaThread "Unconstrained build operations Thread 39" [_thread_blocked, id=7712, stack(0x000000592bd00000,0x000000592be00000)]
  0x0000021663bb0800 JavaThread "Unconstrained build operations Thread 40" [_thread_blocked, id=1724, stack(0x000000592be00000,0x000000592bf00000)]
  0x0000021663bab000 JavaThread "jar transforms Thread 4" [_thread_blocked, id=12600, stack(0x000000592c000000,0x000000592c100000)]
  0x0000021663bae800 JavaThread "C2 CompilerThread1" daemon [_thread_in_native, id=15340, stack(0x000000592bf00000,0x000000592c000000)]
  0x0000021663bac000 JavaThread "Memory manager" [_thread_blocked, id=10124, stack(0x000000592c100000,0x000000592c200000)]

Other Threads:
  0x0000021662469800 VMThread "VM Thread" [stack: 0x0000005926f00000,0x0000005927000000] [id=15760]
  0x0000021662e67000 WatcherThread [stack: 0x0000005927900000,0x0000005927a00000] [id=6796]
  0x0000021648853800 GCTaskThread "GC Thread#0" [stack: 0x0000005926a00000,0x0000005926b00000] [id=14216]
  0x00000216637f5800 GCTaskThread "GC Thread#1" [stack: 0x0000005927b00000,0x0000005927c00000] [id=15388]
  0x0000021663264800 GCTaskThread "GC Thread#2" [stack: 0x0000005927c00000,0x0000005927d00000] [id=13964]
  0x0000021663265800 GCTaskThread "GC Thread#3" [stack: 0x0000005927d00000,0x0000005927e00000] [id=9108]
  0x0000021648886000 ConcurrentGCThread "G1 Main Marker" [stack: 0x0000005926b00000,0x0000005926c00000] [id=1636]
  0x0000021648887000 ConcurrentGCThread "G1 Conc#0" [stack: 0x0000005926c00000,0x0000005926d00000] [id=6896]
  0x00000216622bc800 ConcurrentGCThread "G1 Refine#0" [stack: 0x0000005926d00000,0x0000005926e00000] [id=16092]
  0x00000216622bd800 ConcurrentGCThread "G1 Young RemSet Sampling" [stack: 0x0000005926e00000,0x0000005926f00000] [id=10976]

Threads with active compile tasks:
C2 CompilerThread0  19249 6165   !   4       jdk.internal.loader.Resource::getBytes (242 bytes)
C2 CompilerThread1  19249 6132   !   4       java.util.jar.Attributes::read (390 bytes)

VM state:not at safepoint (normal execution)

VM Mutex/Monitor currently owned by a thread: None

Heap address: 0x0000000080000000, size: 2048 MB, Compressed Oops mode: 32-bit
Narrow klass base: 0x0000000000000000, Narrow klass shift: 3
Compressed class space size: 1073741824 Address: 0x0000000100000000

Heap:
 garbage-first heap   total 196608K, used 73423K [0x0000000080000000, 0x0000000100000000)
  region size 1024K, 34 young (34816K), 5 survivors (5120K)
 Metaspace       used 61900K, capacity 63397K, committed 63660K, reserved 1103872K
  class space    used 7856K, capacity 8422K, committed 8448K, reserved 1048576K
Heap Regions: E=young(eden), S=young(survivor), O=old, HS=humongous(starts), HC=humongous(continues), CS=collection set, F=free, A=archive, TAMS=top-at-mark-start (previous, next)
|   0|0x0000000080000000, 0x0000000080100000, 0x0000000080100000|100%| O|  |TAMS 0x0000000080100000, 0x0000000080000000| Untracked 
|   1|0x0000000080100000, 0x0000000080200000, 0x0000000080200000|100%| O|  |TAMS 0x0000000080200000, 0x0000000080100000| Untracked 
|   2|0x0000000080200000, 0x0000000080300000, 0x0000000080300000|100%| O|  |TAMS 0x0000000080300000, 0x0000000080200000| Untracked 
|   3|0x0000000080300000, 0x0000000080400000, 0x0000000080400000|100%|HS|  |TAMS 0x0000000080400000, 0x0000000080300000| Complete 
|   4|0x0000000080400000, 0x0000000080500000, 0x0000000080500000|100%|HC|  |TAMS 0x0000000080500000, 0x0000000080400000| Complete 
|   5|0x0000000080500000, 0x0000000080600000, 0x0000000080600000|100%|HC|  |TAMS 0x0000000080600000, 0x0000000080500000| Complete 
|   6|0x0000000080600000, 0x0000000080700000, 0x0000000080700000|100%| O|  |TAMS 0x0000000080700000, 0x0000000080600000| Untracked 
|   7|0x0000000080700000, 0x0000000080800000, 0x0000000080800000|100%| O|  |TAMS 0x0000000080800000, 0x0000000080700000| Untracked 
|   8|0x0000000080800000, 0x0000000080900000, 0x0000000080900000|100%| O|  |TAMS 0x0000000080900000, 0x0000000080800000| Untracked 
|   9|0x0000000080900000, 0x0000000080a00000, 0x0000000080a00000|100%| O|  |TAMS 0x0000000080a00000, 0x0000000080900000| Untracked 
|  10|0x0000000080a00000, 0x0000000080b00000, 0x0000000080b00000|100%| O|  |TAMS 0x0000000080b00000, 0x0000000080a00000| Untracked 
|  11|0x0000000080b00000, 0x0000000080c00000, 0x0000000080c00000|100%| O|  |TAMS 0x0000000080c00000, 0x0000000080b00000| Untracked 
|  12|0x0000000080c00000, 0x0000000080d00000, 0x0000000080d00000|100%| O|  |TAMS 0x0000000080d00000, 0x0000000080c00000| Untracked 
|  13|0x0000000080d00000, 0x0000000080e00000, 0x0000000080e00000|100%| O|  |TAMS 0x0000000080e00000, 0x0000000080d00000| Untracked 
|  14|0x0000000080e00000, 0x0000000080f00000, 0x0000000080f00000|100%| O|  |TAMS 0x0000000080f00000, 0x0000000080e00000| Untracked 
|  15|0x0000000080f00000, 0x0000000081000000, 0x0000000081000000|100%| O|  |TAMS 0x0000000081000000, 0x0000000080f00000| Untracked 
|  16|0x0000000081000000, 0x0000000081100000, 0x0000000081100000|100%| O|  |TAMS 0x0000000081100000, 0x0000000081000000| Untracked 
|  17|0x0000000081100000, 0x0000000081200000, 0x0000000081200000|100%| O|  |TAMS 0x0000000081200000, 0x0000000081100000| Untracked 
|  18|0x0000000081200000, 0x0000000081300000, 0x0000000081300000|100%|HS|  |TAMS 0x0000000081300000, 0x0000000081200000| Complete 
|  19|0x0000000081300000, 0x0000000081400000, 0x0000000081400000|100%|HS|  |TAMS 0x0000000081400000, 0x0000000081300000| Complete 
|  20|0x0000000081400000, 0x0000000081500000, 0x0000000081500000|100%|HS|  |TAMS 0x0000000081500000, 0x0000000081400000| Complete 
|  21|0x0000000081500000, 0x0000000081600000, 0x0000000081600000|100%|HC|  |TAMS 0x0000000081600000, 0x0000000081500000| Complete 
|  22|0x0000000081600000, 0x0000000081700000, 0x0000000081700000|100%| O|  |TAMS 0x0000000081700000, 0x0000000081600000| Untracked 
|  23|0x0000000081700000, 0x0000000081800000, 0x0000000081800000|100%| O|  |TAMS 0x0000000081800000, 0x0000000081700000| Untracked 
|  24|0x0000000081800000, 0x0000000081900000, 0x0000000081900000|100%| O|  |TAMS 0x0000000081900000, 0x0000000081800000| Untracked 
|  25|0x0000000081900000, 0x0000000081a00000, 0x0000000081a00000|100%| O|  |TAMS 0x0000000081a00000, 0x0000000081900000| Untracked 
|  26|0x0000000081a00000, 0x0000000081b00000, 0x0000000081b00000|100%| O|  |TAMS 0x0000000081b00000, 0x0000000081a00000| Untracked 
|  27|0x0000000081b00000, 0x0000000081c00000, 0x0000000081c00000|100%| O|  |TAMS 0x0000000081c00000, 0x0000000081b00000| Untracked 
|  28|0x0000000081c00000, 0x0000000081d00000, 0x0000000081d00000|100%| O|  |TAMS 0x0000000081d00000, 0x0000000081c00000| Untracked 
|  29|0x0000000081d00000, 0x0000000081e00000, 0x0000000081e00000|100%| O|  |TAMS 0x0000000081e00000, 0x0000000081d00000| Untracked 
|  30|0x0000000081e00000, 0x0000000081f00000, 0x0000000081f00000|100%| O|  |TAMS 0x0000000081f00000, 0x0000000081e00000| Untracked 
|  31|0x0000000081f00000, 0x0000000082000000, 0x0000000082000000|100%| O|  |TAMS 0x0000000082000000, 0x0000000081f00000| Untracked 
|  32|0x0000000082000000, 0x0000000082100000, 0x0000000082100000|100%| O|  |TAMS 0x0000000082100000, 0x0000000082000000| Untracked 
|  33|0x0000000082100000, 0x0000000082200000, 0x0000000082200000|100%| O|  |TAMS 0x0000000082200000, 0x0000000082100000| Untracked 
|  34|0x0000000082200000, 0x0000000082300000, 0x0000000082300000|100%| O|  |TAMS 0x0000000082300000, 0x0000000082200000| Untracked 
|  35|0x0000000082300000, 0x0000000082400000, 0x0000000082400000|100%| O|  |TAMS 0x0000000082400000, 0x0000000082300000| Untracked 
|  36|0x0000000082400000, 0x0000000082500000, 0x0000000082500000|100%| O|  |TAMS 0x0000000082500000, 0x0000000082400000| Untracked 
|  37|0x0000000082500000, 0x0000000082600000, 0x0000000082600000|100%| O|  |TAMS 0x0000000082600000, 0x0000000082500000| Untracked 
|  38|0x0000000082600000, 0x0000000082700000, 0x0000000082700000|100%| O|  |TAMS 0x0000000082700000, 0x0000000082600000| Untracked 
|  39|0x0000000082700000, 0x0000000082800000, 0x0000000082800000|100%| O|  |TAMS 0x0000000082800000, 0x0000000082700000| Untracked 
|  40|0x0000000082800000, 0x0000000082833e00, 0x0000000082900000| 20%| O|  |TAMS 0x0000000082833e00, 0x0000000082800000| Untracked 
|  41|0x0000000082900000, 0x0000000082900000, 0x0000000082a00000|  0%| F|  |TAMS 0x0000000082900000, 0x0000000082900000| Untracked 
|  42|0x0000000082a00000, 0x0000000082a00000, 0x0000000082b00000|  0%| F|  |TAMS 0x0000000082a00000, 0x0000000082a00000| Untracked 
|  43|0x0000000082b00000, 0x0000000082b00000, 0x0000000082c00000|  0%| F|  |TAMS 0x0000000082b00000, 0x0000000082b00000| Untracked 
|  44|0x0000000082c00000, 0x0000000082c00000, 0x0000000082d00000|  0%| F|  |TAMS 0x0000000082c00000, 0x0000000082c00000| Untracked 
|  45|0x0000000082d00000, 0x0000000082d00000, 0x0000000082e00000|  0%| F|  |TAMS 0x0000000082d00000, 0x0000000082d00000| Untracked 
|  46|0x0000000082e00000, 0x0000000082e00000, 0x0000000082f00000|  0%| F|  |TAMS 0x0000000082e00000, 0x0000000082e00000| Untracked 
|  47|0x0000000082f00000, 0x0000000082f00000, 0x0000000083000000|  0%| F|  |TAMS 0x0000000082f00000, 0x0000000082f00000| Untracked 
|  48|0x0000000083000000, 0x0000000083000000, 0x0000000083100000|  0%| F|  |TAMS 0x0000000083000000, 0x0000000083000000| Untracked 
|  49|0x0000000083100000, 0x0000000083100000, 0x0000000083200000|  0%| F|  |TAMS 0x0000000083100000, 0x0000000083100000| Untracked 
|  50|0x0000000083200000, 0x0000000083200000, 0x0000000083300000|  0%| F|  |TAMS 0x0000000083200000, 0x0000000083200000| Untracked 
|  51|0x0000000083300000, 0x0000000083300000, 0x0000000083400000|  0%| F|  |TAMS 0x0000000083300000, 0x0000000083300000| Untracked 
|  52|0x0000000083400000, 0x0000000083400000, 0x0000000083500000|  0%| F|  |TAMS 0x0000000083400000, 0x0000000083400000| Untracked 
|  53|0x0000000083500000, 0x0000000083500000, 0x0000000083600000|  0%| F|  |TAMS 0x0000000083500000, 0x0000000083500000| Untracked 
|  54|0x0000000083600000, 0x0000000083600000, 0x0000000083700000|  0%| F|  |TAMS 0x0000000083600000, 0x0000000083600000| Untracked 
|  55|0x0000000083700000, 0x0000000083700000, 0x0000000083800000|  0%| F|  |TAMS 0x0000000083700000, 0x0000000083700000| Untracked 
|  56|0x0000000083800000, 0x0000000083800000, 0x0000000083900000|  0%| F|  |TAMS 0x0000000083800000, 0x0000000083800000| Untracked 
|  57|0x0000000083900000, 0x0000000083900000, 0x0000000083a00000|  0%| F|  |TAMS 0x0000000083900000, 0x0000000083900000| Untracked 
|  58|0x0000000083a00000, 0x0000000083a00000, 0x0000000083b00000|  0%| F|  |TAMS 0x0000000083a00000, 0x0000000083a00000| Untracked 
|  59|0x0000000083b00000, 0x0000000083b00000, 0x0000000083c00000|  0%| F|  |TAMS 0x0000000083b00000, 0x0000000083b00000| Untracked 
|  60|0x0000000083c00000, 0x0000000083c00000, 0x0000000083d00000|  0%| F|  |TAMS 0x0000000083c00000, 0x0000000083c00000| Untracked 
|  61|0x0000000083d00000, 0x0000000083d00000, 0x0000000083e00000|  0%| F|  |TAMS 0x0000000083d00000, 0x0000000083d00000| Untracked 
|  62|0x0000000083e00000, 0x0000000083e00000, 0x0000000083f00000|  0%| F|  |TAMS 0x0000000083e00000, 0x0000000083e00000| Untracked 
|  63|0x0000000083f00000, 0x0000000083f00000, 0x0000000084000000|  0%| F|  |TAMS 0x0000000083f00000, 0x0000000083f00000| Untracked 
|  64|0x0000000084000000, 0x0000000084000000, 0x0000000084100000|  0%| F|  |TAMS 0x0000000084000000, 0x0000000084000000| Untracked 
|  65|0x0000000084100000, 0x0000000084100000, 0x0000000084200000|  0%| F|  |TAMS 0x0000000084100000, 0x0000000084100000| Untracked 
|  66|0x0000000084200000, 0x0000000084200000, 0x0000000084300000|  0%| F|  |TAMS 0x0000000084200000, 0x0000000084200000| Untracked 
|  67|0x0000000084300000, 0x0000000084300000, 0x0000000084400000|  0%| F|  |TAMS 0x0000000084300000, 0x0000000084300000| Untracked 
|  68|0x0000000084400000, 0x0000000084400000, 0x0000000084500000|  0%| F|  |TAMS 0x0000000084400000, 0x0000000084400000| Untracked 
|  69|0x0000000084500000, 0x0000000084500000, 0x0000000084600000|  0%| F|  |TAMS 0x0000000084500000, 0x0000000084500000| Untracked 
|  70|0x0000000084600000, 0x0000000084600000, 0x0000000084700000|  0%| F|  |TAMS 0x0000000084600000, 0x0000000084600000| Untracked 
|  71|0x0000000084700000, 0x0000000084700000, 0x0000000084800000|  0%| F|  |TAMS 0x0000000084700000, 0x0000000084700000| Untracked 
|  72|0x0000000084800000, 0x0000000084800000, 0x0000000084900000|  0%| F|  |TAMS 0x0000000084800000, 0x0000000084800000| Untracked 
|  73|0x0000000084900000, 0x0000000084900000, 0x0000000084a00000|  0%| F|  |TAMS 0x0000000084900000, 0x0000000084900000| Untracked 
|  74|0x0000000084a00000, 0x0000000084a00000, 0x0000000084b00000|  0%| F|  |TAMS 0x0000000084a00000, 0x0000000084a00000| Untracked 
|  75|0x0000000084b00000, 0x0000000084b00000, 0x0000000084c00000|  0%| F|  |TAMS 0x0000000084b00000, 0x0000000084b00000| Untracked 
|  76|0x0000000084c00000, 0x0000000084c00000, 0x0000000084d00000|  0%| F|  |TAMS 0x0000000084c00000, 0x0000000084c00000| Untracked 
|  77|0x0000000084d00000, 0x0000000084d00000, 0x0000000084e00000|  0%| F|  |TAMS 0x0000000084d00000, 0x0000000084d00000| Untracked 
|  78|0x0000000084e00000, 0x0000000084e00000, 0x0000000084f00000|  0%| F|  |TAMS 0x0000000084e00000, 0x0000000084e00000| Untracked 
|  79|0x0000000084f00000, 0x0000000084f00000, 0x0000000085000000|  0%| F|  |TAMS 0x0000000084f00000, 0x0000000084f00000| Untracked 
|  80|0x0000000085000000, 0x0000000085000000, 0x0000000085100000|  0%| F|  |TAMS 0x0000000085000000, 0x0000000085000000| Untracked 
|  81|0x0000000085100000, 0x0000000085100000, 0x0000000085200000|  0%| F|  |TAMS 0x0000000085100000, 0x0000000085100000| Untracked 
|  82|0x0000000085200000, 0x0000000085200000, 0x0000000085300000|  0%| F|  |TAMS 0x0000000085200000, 0x0000000085200000| Untracked 
|  83|0x0000000085300000, 0x0000000085300000, 0x0000000085400000|  0%| F|  |TAMS 0x0000000085300000, 0x0000000085300000| Untracked 
|  84|0x0000000085400000, 0x0000000085400000, 0x0000000085500000|  0%| F|  |TAMS 0x0000000085400000, 0x0000000085400000| Untracked 
|  85|0x0000000085500000, 0x0000000085500000, 0x0000000085600000|  0%| F|  |TAMS 0x0000000085500000, 0x0000000085500000| Untracked 
|  86|0x0000000085600000, 0x0000000085600000, 0x0000000085700000|  0%| F|  |TAMS 0x0000000085600000, 0x0000000085600000| Untracked 
|  87|0x0000000085700000, 0x0000000085700000, 0x0000000085800000|  0%| F|  |TAMS 0x0000000085700000, 0x0000000085700000| Untracked 
|  88|0x0000000085800000, 0x0000000085800000, 0x0000000085900000|  0%| F|  |TAMS 0x0000000085800000, 0x0000000085800000| Untracked 
|  89|0x0000000085900000, 0x0000000085900000, 0x0000000085a00000|  0%| F|  |TAMS 0x0000000085900000, 0x0000000085900000| Untracked 
|  90|0x0000000085a00000, 0x0000000085a00000, 0x0000000085b00000|  0%| F|  |TAMS 0x0000000085a00000, 0x0000000085a00000| Untracked 
|  91|0x0000000085b00000, 0x0000000085b00000, 0x0000000085c00000|  0%| F|  |TAMS 0x0000000085b00000, 0x0000000085b00000| Untracked 
|  92|0x0000000085c00000, 0x0000000085c00000, 0x0000000085d00000|  0%| F|  |TAMS 0x0000000085c00000, 0x0000000085c00000| Untracked 
|  93|0x0000000085d00000, 0x0000000085d00000, 0x0000000085e00000|  0%| F|  |TAMS 0x0000000085d00000, 0x0000000085d00000| Untracked 
|  94|0x0000000085e00000, 0x0000000085e00000, 0x0000000085f00000|  0%| F|  |TAMS 0x0000000085e00000, 0x0000000085e00000| Untracked 
|  95|0x0000000085f00000, 0x0000000085f00000, 0x0000000086000000|  0%| F|  |TAMS 0x0000000085f00000, 0x0000000085f00000| Untracked 
|  96|0x0000000086000000, 0x0000000086000000, 0x0000000086100000|  0%| F|  |TAMS 0x0000000086000000, 0x0000000086000000| Untracked 
|  97|0x0000000086100000, 0x0000000086100000, 0x0000000086200000|  0%| F|  |TAMS 0x0000000086100000, 0x0000000086100000| Untracked 
|  98|0x0000000086200000, 0x0000000086200000, 0x0000000086300000|  0%| F|  |TAMS 0x0000000086200000, 0x0000000086200000| Untracked 
|  99|0x0000000086300000, 0x0000000086300000, 0x0000000086400000|  0%| F|  |TAMS 0x0000000086300000, 0x0000000086300000| Untracked 
| 100|0x0000000086400000, 0x0000000086400000, 0x0000000086500000|  0%| F|  |TAMS 0x0000000086400000, 0x0000000086400000| Untracked 
| 101|0x0000000086500000, 0x0000000086500000, 0x0000000086600000|  0%| F|  |TAMS 0x0000000086500000, 0x0000000086500000| Untracked 
| 102|0x0000000086600000, 0x0000000086600000, 0x0000000086700000|  0%| F|  |TAMS 0x0000000086600000, 0x0000000086600000| Untracked 
| 103|0x0000000086700000, 0x0000000086700000, 0x0000000086800000|  0%| F|  |TAMS 0x0000000086700000, 0x0000000086700000| Untracked 
| 104|0x0000000086800000, 0x0000000086800000, 0x0000000086900000|  0%| F|  |TAMS 0x0000000086800000, 0x0000000086800000| Untracked 
| 105|0x0000000086900000, 0x0000000086900000, 0x0000000086a00000|  0%| F|  |TAMS 0x0000000086900000, 0x0000000086900000| Untracked 
| 106|0x0000000086a00000, 0x0000000086a00000, 0x0000000086b00000|  0%| F|  |TAMS 0x0000000086a00000, 0x0000000086a00000| Untracked 
| 107|0x0000000086b00000, 0x0000000086b00000, 0x0000000086c00000|  0%| F|  |TAMS 0x0000000086b00000, 0x0000000086b00000| Untracked 
| 108|0x0000000086c00000, 0x0000000086c00000, 0x0000000086d00000|  0%| F|  |TAMS 0x0000000086c00000, 0x0000000086c00000| Untracked 
| 109|0x0000000086d00000, 0x0000000086d00000, 0x0000000086e00000|  0%| F|  |TAMS 0x0000000086d00000, 0x0000000086d00000| Untracked 
| 110|0x0000000086e00000, 0x0000000086e00000, 0x0000000086f00000|  0%| F|  |TAMS 0x0000000086e00000, 0x0000000086e00000| Untracked 
| 111|0x0000000086f00000, 0x0000000086f80000, 0x0000000087000000| 50%| S|CS|TAMS 0x0000000086f00000, 0x0000000086f00000| Complete 
| 112|0x0000000087000000, 0x0000000087100000, 0x0000000087100000|100%| S|CS|TAMS 0x0000000087000000, 0x0000000087000000| Complete 
| 113|0x0000000087100000, 0x0000000087200000, 0x0000000087200000|100%| S|CS|TAMS 0x0000000087100000, 0x0000000087100000| Complete 
| 114|0x0000000087200000, 0x0000000087300000, 0x0000000087300000|100%| S|CS|TAMS 0x0000000087200000, 0x0000000087200000| Complete 
| 115|0x0000000087300000, 0x0000000087400000, 0x0000000087400000|100%| S|CS|TAMS 0x0000000087300000, 0x0000000087300000| Complete 
| 116|0x0000000087400000, 0x0000000087400000, 0x0000000087500000|  0%| F|  |TAMS 0x0000000087400000, 0x0000000087400000| Untracked 
| 117|0x0000000087500000, 0x0000000087500000, 0x0000000087600000|  0%| F|  |TAMS 0x0000000087500000, 0x0000000087500000| Untracked 
| 118|0x0000000087600000, 0x0000000087600000, 0x0000000087700000|  0%| F|  |TAMS 0x0000000087600000, 0x0000000087600000| Untracked 
| 119|0x0000000087700000, 0x0000000087700000, 0x0000000087800000|  0%| F|  |TAMS 0x0000000087700000, 0x0000000087700000| Untracked 
| 120|0x0000000087800000, 0x0000000087800000, 0x0000000087900000|  0%| F|  |TAMS 0x0000000087800000, 0x0000000087800000| Untracked 
| 121|0x0000000087900000, 0x0000000087900000, 0x0000000087a00000|  0%| F|  |TAMS 0x0000000087900000, 0x0000000087900000| Untracked 
| 122|0x0000000087a00000, 0x0000000087a00000, 0x0000000087b00000|  0%| F|  |TAMS 0x0000000087a00000, 0x0000000087a00000| Untracked 
| 123|0x0000000087b00000, 0x0000000087b00000, 0x0000000087c00000|  0%| F|  |TAMS 0x0000000087b00000, 0x0000000087b00000| Untracked 
| 124|0x0000000087c00000, 0x0000000087c00000, 0x0000000087d00000|  0%| F|  |TAMS 0x0000000087c00000, 0x0000000087c00000| Untracked 
| 125|0x0000000087d00000, 0x0000000087d00000, 0x0000000087e00000|  0%| F|  |TAMS 0x0000000087d00000, 0x0000000087d00000| Untracked 
| 126|0x0000000087e00000, 0x0000000087e00000, 0x0000000087f00000|  0%| F|  |TAMS 0x0000000087e00000, 0x0000000087e00000| Untracked 
| 127|0x0000000087f00000, 0x0000000087f00000, 0x0000000088000000|  0%| F|  |TAMS 0x0000000087f00000, 0x0000000087f00000| Untracked 
| 128|0x0000000088000000, 0x0000000088000000, 0x0000000088100000|  0%| F|  |TAMS 0x0000000088000000, 0x0000000088000000| Untracked 
| 129|0x0000000088100000, 0x0000000088100000, 0x0000000088200000|  0%| F|  |TAMS 0x0000000088100000, 0x0000000088100000| Untracked 
| 130|0x0000000088200000, 0x0000000088200000, 0x0000000088300000|  0%| F|  |TAMS 0x0000000088200000, 0x0000000088200000| Untracked 
| 131|0x0000000088300000, 0x0000000088300000, 0x0000000088400000|  0%| F|  |TAMS 0x0000000088300000, 0x0000000088300000| Untracked 
| 132|0x0000000088400000, 0x0000000088400000, 0x0000000088500000|  0%| F|  |TAMS 0x0000000088400000, 0x0000000088400000| Untracked 
| 133|0x0000000088500000, 0x0000000088500000, 0x0000000088600000|  0%| F|  |TAMS 0x0000000088500000, 0x0000000088500000| Untracked 
| 134|0x0000000088600000, 0x0000000088600000, 0x0000000088700000|  0%| F|  |TAMS 0x0000000088600000, 0x0000000088600000| Untracked 
| 135|0x0000000088700000, 0x0000000088700000, 0x0000000088800000|  0%| F|  |TAMS 0x0000000088700000, 0x0000000088700000| Untracked 
| 136|0x0000000088800000, 0x0000000088800000, 0x0000000088900000|  0%| F|  |TAMS 0x0000000088800000, 0x0000000088800000| Untracked 
| 137|0x0000000088900000, 0x0000000088900000, 0x0000000088a00000|  0%| F|  |TAMS 0x0000000088900000, 0x0000000088900000| Untracked 
| 138|0x0000000088a00000, 0x0000000088a00000, 0x0000000088b00000|  0%| F|  |TAMS 0x0000000088a00000, 0x0000000088a00000| Untracked 
| 139|0x0000000088b00000, 0x0000000088b00000, 0x0000000088c00000|  0%| F|  |TAMS 0x0000000088b00000, 0x0000000088b00000| Untracked 
| 140|0x0000000088c00000, 0x0000000088c00000, 0x0000000088d00000|  0%| F|  |TAMS 0x0000000088c00000, 0x0000000088c00000| Untracked 
| 141|0x0000000088d00000, 0x0000000088d00000, 0x0000000088e00000|  0%| F|  |TAMS 0x0000000088d00000, 0x0000000088d00000| Untracked 
| 142|0x0000000088e00000, 0x0000000088e00000, 0x0000000088f00000|  0%| F|  |TAMS 0x0000000088e00000, 0x0000000088e00000| Untracked 
| 143|0x0000000088f00000, 0x0000000088f00000, 0x0000000089000000|  0%| F|  |TAMS 0x0000000088f00000, 0x0000000088f00000| Untracked 
| 144|0x0000000089000000, 0x0000000089000000, 0x0000000089100000|  0%| F|  |TAMS 0x0000000089000000, 0x0000000089000000| Untracked 
| 145|0x0000000089100000, 0x0000000089100000, 0x0000000089200000|  0%| F|  |TAMS 0x0000000089100000, 0x0000000089100000| Untracked 
| 146|0x0000000089200000, 0x0000000089200000, 0x0000000089300000|  0%| F|  |TAMS 0x0000000089200000, 0x0000000089200000| Untracked 
| 147|0x0000000089300000, 0x0000000089300000, 0x0000000089400000|  0%| F|  |TAMS 0x0000000089300000, 0x0000000089300000| Untracked 
| 148|0x0000000089400000, 0x0000000089400000, 0x0000000089500000|  0%| F|  |TAMS 0x0000000089400000, 0x0000000089400000| Untracked 
| 149|0x0000000089500000, 0x0000000089500000, 0x0000000089600000|  0%| F|  |TAMS 0x0000000089500000, 0x0000000089500000| Untracked 
| 150|0x0000000089600000, 0x0000000089600000, 0x0000000089700000|  0%| F|  |TAMS 0x0000000089600000, 0x0000000089600000| Untracked 
| 151|0x0000000089700000, 0x0000000089700000, 0x0000000089800000|  0%| F|  |TAMS 0x0000000089700000, 0x0000000089700000| Untracked 
| 152|0x0000000089800000, 0x0000000089800000, 0x0000000089900000|  0%| F|  |TAMS 0x0000000089800000, 0x0000000089800000| Untracked 
| 153|0x0000000089900000, 0x0000000089900000, 0x0000000089a00000|  0%| F|  |TAMS 0x0000000089900000, 0x0000000089900000| Untracked 
| 154|0x0000000089a00000, 0x0000000089a00000, 0x0000000089b00000|  0%| F|  |TAMS 0x0000000089a00000, 0x0000000089a00000| Untracked 
| 155|0x0000000089b00000, 0x0000000089b00000, 0x0000000089c00000|  0%| F|  |TAMS 0x0000000089b00000, 0x0000000089b00000| Untracked 
| 156|0x0000000089c00000, 0x0000000089c00000, 0x0000000089d00000|  0%| F|  |TAMS 0x0000000089c00000, 0x0000000089c00000| Untracked 
| 157|0x0000000089d00000, 0x0000000089d00000, 0x0000000089e00000|  0%| F|  |TAMS 0x0000000089d00000, 0x0000000089d00000| Untracked 
| 158|0x0000000089e00000, 0x0000000089e00000, 0x0000000089f00000|  0%| F|  |TAMS 0x0000000089e00000, 0x0000000089e00000| Untracked 
| 159|0x0000000089f00000, 0x0000000089f00000, 0x000000008a000000|  0%| F|  |TAMS 0x0000000089f00000, 0x0000000089f00000| Untracked 
| 160|0x000000008a000000, 0x000000008a000000, 0x000000008a100000|  0%| F|  |TAMS 0x000000008a000000, 0x000000008a000000| Untracked 
| 161|0x000000008a100000, 0x000000008a100000, 0x000000008a200000|  0%| F|  |TAMS 0x000000008a100000, 0x000000008a100000| Untracked 
| 162|0x000000008a200000, 0x000000008a200000, 0x000000008a300000|  0%| F|  |TAMS 0x000000008a200000, 0x000000008a200000| Untracked 
| 163|0x000000008a300000, 0x000000008a400000, 0x000000008a400000|100%| E|  |TAMS 0x000000008a300000, 0x000000008a300000| Complete 
| 164|0x000000008a400000, 0x000000008a500000, 0x000000008a500000|100%| E|CS|TAMS 0x000000008a400000, 0x000000008a400000| Complete 
| 165|0x000000008a500000, 0x000000008a600000, 0x000000008a600000|100%| E|CS|TAMS 0x000000008a500000, 0x000000008a500000| Complete 
| 166|0x000000008a600000, 0x000000008a700000, 0x000000008a700000|100%| E|CS|TAMS 0x000000008a600000, 0x000000008a600000| Complete 
| 167|0x000000008a700000, 0x000000008a800000, 0x000000008a800000|100%| E|CS|TAMS 0x000000008a700000, 0x000000008a700000| Complete 
| 168|0x000000008a800000, 0x000000008a900000, 0x000000008a900000|100%| E|CS|TAMS 0x000000008a800000, 0x000000008a800000| Complete 
| 169|0x000000008a900000, 0x000000008aa00000, 0x000000008aa00000|100%| E|CS|TAMS 0x000000008a900000, 0x000000008a900000| Complete 
| 170|0x000000008aa00000, 0x000000008ab00000, 0x000000008ab00000|100%| E|CS|TAMS 0x000000008aa00000, 0x000000008aa00000| Complete 
| 171|0x000000008ab00000, 0x000000008ac00000, 0x000000008ac00000|100%| E|CS|TAMS 0x000000008ab00000, 0x000000008ab00000| Complete 
| 172|0x000000008ac00000, 0x000000008ad00000, 0x000000008ad00000|100%| E|CS|TAMS 0x000000008ac00000, 0x000000008ac00000| Complete 
| 173|0x000000008ad00000, 0x000000008ae00000, 0x000000008ae00000|100%| E|CS|TAMS 0x000000008ad00000, 0x000000008ad00000| Complete 
| 174|0x000000008ae00000, 0x000000008af00000, 0x000000008af00000|100%| E|CS|TAMS 0x000000008ae00000, 0x000000008ae00000| Complete 
| 175|0x000000008af00000, 0x000000008b000000, 0x000000008b000000|100%| E|  |TAMS 0x000000008af00000, 0x000000008af00000| Complete 
| 176|0x000000008b000000, 0x000000008b100000, 0x000000008b100000|100%| E|CS|TAMS 0x000000008b000000, 0x000000008b000000| Complete 
| 177|0x000000008b100000, 0x000000008b200000, 0x000000008b200000|100%| E|CS|TAMS 0x000000008b100000, 0x000000008b100000| Complete 
| 178|0x000000008b200000, 0x000000008b300000, 0x000000008b300000|100%| E|CS|TAMS 0x000000008b200000, 0x000000008b200000| Complete 
| 179|0x000000008b300000, 0x000000008b400000, 0x000000008b400000|100%| E|CS|TAMS 0x000000008b300000, 0x000000008b300000| Complete 
| 180|0x000000008b400000, 0x000000008b500000, 0x000000008b500000|100%| E|CS|TAMS 0x000000008b400000, 0x000000008b400000| Complete 
| 181|0x000000008b500000, 0x000000008b600000, 0x000000008b600000|100%| E|CS|TAMS 0x000000008b500000, 0x000000008b500000| Complete 
| 182|0x000000008b600000, 0x000000008b700000, 0x000000008b700000|100%| E|CS|TAMS 0x000000008b600000, 0x000000008b600000| Complete 
| 183|0x000000008b700000, 0x000000008b800000, 0x000000008b800000|100%| E|CS|TAMS 0x000000008b700000, 0x000000008b700000| Complete 
| 184|0x000000008b800000, 0x000000008b900000, 0x000000008b900000|100%| E|CS|TAMS 0x000000008b800000, 0x000000008b800000| Complete 
| 185|0x000000008b900000, 0x000000008ba00000, 0x000000008ba00000|100%| E|CS|TAMS 0x000000008b900000, 0x000000008b900000| Complete 
| 186|0x000000008ba00000, 0x000000008bb00000, 0x000000008bb00000|100%| E|CS|TAMS 0x000000008ba00000, 0x000000008ba00000| Complete 
| 187|0x000000008bb00000, 0x000000008bc00000, 0x000000008bc00000|100%| E|CS|TAMS 0x000000008bb00000, 0x000000008bb00000| Complete 
| 188|0x000000008bc00000, 0x000000008bd00000, 0x000000008bd00000|100%| E|CS|TAMS 0x000000008bc00000, 0x000000008bc00000| Complete 
| 189|0x000000008bd00000, 0x000000008be00000, 0x000000008be00000|100%| E|CS|TAMS 0x000000008bd00000, 0x000000008bd00000| Complete 
| 190|0x000000008be00000, 0x000000008bf00000, 0x000000008bf00000|100%| E|CS|TAMS 0x000000008be00000, 0x000000008be00000| Complete 
| 191|0x000000008bf00000, 0x000000008c000000, 0x000000008c000000|100%| E|CS|TAMS 0x000000008bf00000, 0x000000008bf00000| Complete 

Card table byte_map: [0x000002165b750000,0x000002165bb50000] _byte_map_base: 0x000002165b350000

Marking Bits (Prev, Next): (CMBitMap*) 0x000002164887d120, (CMBitMap*) 0x000002164887d0e8
 Prev Bits: [0x000002165df50000, 0x000002165ff50000)
 Next Bits: [0x000002165bf50000, 0x000002165df50000)

Polling page: 0x00000216467b0000

Metaspace:

Usage:
  Non-class:     53.69 MB capacity,    52.78 MB ( 98%) used,   771.84 KB (  1%) free+waste,   159.75 KB ( <1%) overhead. 
      Class:      8.22 MB capacity,     7.67 MB ( 93%) used,   490.04 KB (  6%) free+waste,    75.31 KB ( <1%) overhead. 
       Both:     61.91 MB capacity,    60.45 MB ( 98%) used,     1.23 MB (  2%) free+waste,   235.06 KB ( <1%) overhead. 

Virtual space:
  Non-class space:       54.00 MB reserved,      53.92 MB (>99%) committed 
      Class space:        1.00 GB reserved,       8.25 MB ( <1%) committed 
             Both:        1.05 GB reserved,      62.17 MB (  6%) committed 

Chunk freelists:
   Non-Class:  45.00 KB
       Class:  26.00 KB
        Both:  71.00 KB

MaxMetaspaceSize: 17179869184.00 GB
CompressedClassSpaceSize: 1.00 GB
Initial GC threshold: 20.80 MB
Current GC threshold: 98.41 MB
CDS: off

CodeHeap 'non-profiled nmethods': size=120064Kb used=3750Kb max_used=3750Kb free=116313Kb
 bounds [0x0000021653e10000, 0x00000216541c0000, 0x000002165b350000]
CodeHeap 'profiled nmethods': size=120000Kb used=13047Kb max_used=13047Kb free=106952Kb
 bounds [0x000002164c8e0000, 0x000002164d5a0000, 0x0000021653e10000]
CodeHeap 'non-nmethods': size=5696Kb used=2335Kb max_used=2374Kb free=3360Kb
 bounds [0x000002164c350000, 0x000002164c5c0000, 0x000002164c8e0000]
 total_blobs=7011 nmethods=6167 adapters=755
 compilation: enabled
              stopped_count=0, restarted_count=0
 full_count=0

Compilation events (20 events):
Event: 19.154 Thread 0x0000021662ce8000 6181       3       com.android.build.gradle.internal.dsl.decorator.DslDecorator$CollectingInfoVisitor::method (323 bytes)
Event: 19.157 Thread 0x0000021662ce8000 nmethod 6181 0x000002164d593a90 code [0x000002164d593fe0, 0x000002164d596598]
Event: 19.162 Thread 0x0000021662ce8000 6182       3       java.lang.reflect.Executable::getDeclaredAnnotations (8 bytes)
Event: 19.162 Thread 0x0000021662ce8000 nmethod 6182 0x000002164d597190 code [0x000002164d597380, 0x000002164d597788]
Event: 19.162 Thread 0x0000021662ce8000 6183       3       org.objectweb.asm.Type::appendDescriptor (185 bytes)
Event: 19.163 Thread 0x0000021662ce8000 nmethod 6183 0x000002164d597910 code [0x000002164d597c40, 0x000002164d598d18]
Event: 19.179 Thread 0x0000021662ce8000 6184       3       org.objectweb.asm.Type::<init> (26 bytes)
Event: 19.179 Thread 0x0000021662ce8000 nmethod 6184 0x000002164d599310 code [0x000002164d5994c0, 0x000002164d599678]
Event: 19.179 Thread 0x0000021662ce8000 6185       3       org.objectweb.asm.Type::getTypeInternal (199 bytes)
Event: 19.180 Thread 0x0000021662ce8000 nmethod 6185 0x000002164d599710 code [0x000002164d5999a0, 0x000002164d59a788]
Event: 19.181 Thread 0x0000021662ce8000 6186       3       org.objectweb.asm.SymbolTable::get (13 bytes)
Event: 19.181 Thread 0x0000021662ce8000 nmethod 6186 0x000002164d59ac10 code [0x000002164d59adc0, 0x000002164d59af18]
Event: 19.181 Thread 0x0000021662ce8000 6187       3       org.objectweb.asm.SymbolTable::hash (10 bytes)
Event: 19.182 Thread 0x0000021662ce8000 nmethod 6187 0x000002164d59b010 code [0x000002164d59b1c0, 0x000002164d59b2e8]
Event: 19.182 Thread 0x0000021662ce8000 6188       3       org.objectweb.asm.Type::equals (147 bytes)
Event: 19.183 Thread 0x0000021662ce8000 nmethod 6188 0x000002164d59b410 code [0x000002164d59b6c0, 0x000002164d59c718]
Event: 19.185 Thread 0x0000021662ce8000 6189       3       org.objectweb.asm.SymbolTable::addConstantUtf8 (98 bytes)
Event: 19.185 Thread 0x0000021662ce8000 nmethod 6189 0x000002164d59cd10 code [0x000002164d59cf60, 0x000002164d59d5f8]
Event: 19.185 Thread 0x0000021662ce8000 6190       3       org.objectweb.asm.ByteVector::putShort (52 bytes)
Event: 19.186 Thread 0x0000021662ce8000 nmethod 6190 0x000002164d59d990 code [0x000002164d59db60, 0x000002164d59dd68]

GC Heap History (20 events):
Event: 0.905 GC heap before
{Heap before GC invocations=0 (full 0):
 garbage-first heap   total 196608K, used 20480K [0x0000000080000000, 0x0000000100000000)
  region size 1024K, 14 young (14336K), 0 survivors (0K)
 Metaspace       used 6751K, capacity 6925K, committed 7168K, reserved 1056768K
  class space    used 582K, capacity 650K, committed 768K, reserved 1048576K
}
Event: 0.911 GC heap after
{Heap after GC invocations=1 (full 0):
 garbage-first heap   total 196608K, used 7867K [0x0000000080000000, 0x0000000100000000)
  region size 1024K, 2 young (2048K), 2 survivors (2048K)
 Metaspace       used 6751K, capacity 6925K, committed 7168K, reserved 1056768K
  class space    used 582K, capacity 650K, committed 768K, reserved 1048576K
}
Event: 1.470 GC heap before
{Heap before GC invocations=1 (full 0):
 garbage-first heap   total 196608K, used 19131K [0x0000000080000000, 0x0000000100000000)
  region size 1024K, 13 young (13312K), 2 survivors (2048K)
 Metaspace       used 10267K, capacity 10553K, committed 10624K, reserved 1058816K
  class space    used 1070K, capacity 1139K, committed 1152K, reserved 1048576K
}
Event: 1.476 GC heap after
{Heap after GC invocations=2 (full 0):
 garbage-first heap   total 196608K, used 9555K [0x0000000080000000, 0x0000000100000000)
  region size 1024K, 2 young (2048K), 2 survivors (2048K)
 Metaspace       used 10267K, capacity 10553K, committed 10624K, reserved 1058816K
  class space    used 1070K, capacity 1139K, committed 1152K, reserved 1048576K
}
Event: 2.195 GC heap before
{Heap before GC invocations=2 (full 0):
 garbage-first heap   total 196608K, used 40275K [0x0000000080000000, 0x0000000100000000)
  region size 1024K, 31 young (31744K), 2 survivors (2048K)
 Metaspace       used 11250K, capacity 11508K, committed 11776K, reserved 1060864K
  class space    used 1173K, capacity 1244K, committed 1280K, reserved 1048576K
}
Event: 2.202 GC heap after
{Heap after GC invocations=3 (full 0):
 garbage-first heap   total 196608K, used 12565K [0x0000000080000000, 0x0000000100000000)
  region size 1024K, 4 young (4096K), 4 survivors (4096K)
 Metaspace       used 11250K, capacity 11508K, committed 11776K, reserved 1060864K
  class space    used 1173K, capacity 1244K, committed 1280K, reserved 1048576K
}
Event: 4.130 GC heap before
{Heap before GC invocations=3 (full 0):
 garbage-first heap   total 196608K, used 54549K [0x0000000080000000, 0x0000000100000000)
  region size 1024K, 46 young (47104K), 4 survivors (4096K)
 Metaspace       used 17740K, capacity 18197K, committed 18432K, reserved 1064960K
  class space    used 2100K, capacity 2243K, committed 2304K, reserved 1048576K
}
Event: 4.138 GC heap after
{Heap after GC invocations=4 (full 0):
 garbage-first heap   total 196608K, used 16747K [0x0000000080000000, 0x0000000100000000)
  region size 1024K, 6 young (6144K), 6 survivors (6144K)
 Metaspace       used 17740K, capacity 18197K, committed 18432K, reserved 1064960K
  class space    used 2100K, capacity 2243K, committed 2304K, reserved 1048576K
}
Event: 4.513 GC heap before
{Heap before GC invocations=4 (full 0):
 garbage-first heap   total 196608K, used 43371K [0x0000000080000000, 0x0000000100000000)
  region size 1024K, 33 young (33792K), 6 survivors (6144K)
 Metaspace       used 20687K, capacity 21137K, committed 21248K, reserved 1067008K
  class space    used 2544K, capacity 2712K, committed 2816K, reserved 1048576K
}
Event: 4.519 GC heap after
{Heap after GC invocations=5 (full 0):
 garbage-first heap   total 196608K, used 17255K [0x0000000080000000, 0x0000000100000000)
  region size 1024K, 7 young (7168K), 7 survivors (7168K)
 Metaspace       used 20687K, capacity 21137K, committed 21248K, reserved 1067008K
  class space    used 2544K, capacity 2712K, committed 2816K, reserved 1048576K
}
Event: 5.886 GC heap before
{Heap before GC invocations=6 (full 0):
 garbage-first heap   total 196608K, used 77671K [0x0000000080000000, 0x0000000100000000)
  region size 1024K, 67 young (68608K), 7 survivors (7168K)
 Metaspace       used 27111K, capacity 27756K, committed 27904K, reserved 1073152K
  class space    used 3551K, capacity 3801K, committed 3840K, reserved 1048576K
}
Event: 5.897 GC heap after
{Heap after GC invocations=7 (full 0):
 garbage-first heap   total 196608K, used 19962K [0x0000000080000000, 0x0000000100000000)
  region size 1024K, 4 young (4096K), 4 survivors (4096K)
 Metaspace       used 27111K, capacity 27756K, committed 27904K, reserved 1073152K
  class space    used 3551K, capacity 3801K, committed 3840K, reserved 1048576K
}
Event: 7.785 GC heap before
{Heap before GC invocations=7 (full 0):
 garbage-first heap   total 196608K, used 68090K [0x0000000080000000, 0x0000000100000000)
  region size 1024K, 52 young (53248K), 4 survivors (4096K)
 Metaspace       used 34947K, capacity 35778K, committed 35840K, reserved 1081344K
  class space    used 4534K, capacity 4839K, committed 4864K, reserved 1048576K
}
Event: 7.808 GC heap after
{Heap after GC invocations=8 (full 0):
 garbage-first heap   total 196608K, used 22590K [0x0000000080000000, 0x0000000100000000)
  region size 1024K, 6 young (6144K), 6 survivors (6144K)
 Metaspace       used 34947K, capacity 35778K, committed 35840K, reserved 1081344K
  class space    used 4534K, capacity 4839K, committed 4864K, reserved 1048576K
}
Event: 11.954 GC heap before
{Heap before GC invocations=9 (full 0):
 garbage-first heap   total 196608K, used 115774K [0x0000000080000000, 0x0000000100000000)
  region size 1024K, 95 young (97280K), 6 survivors (6144K)
 Metaspace       used 42645K, capacity 43623K, committed 43776K, reserved 1087488K
  class space    used 5506K, capacity 5864K, committed 5888K, reserved 1048576K
}
Event: 11.995 GC heap after
{Heap after GC invocations=10 (full 0):
 garbage-first heap   total 196608K, used 29232K [0x0000000080000000, 0x0000000100000000)
  region size 1024K, 12 young (12288K), 12 survivors (12288K)
 Metaspace       used 42645K, capacity 43623K, committed 43776K, reserved 1087488K
  class space    used 5506K, capacity 5864K, committed 5888K, reserved 1048576K
}
Event: 15.647 GC heap before
{Heap before GC invocations=10 (full 0):
 garbage-first heap   total 196608K, used 130608K [0x0000000080000000, 0x0000000100000000)
  region size 1024K, 107 young (109568K), 12 survivors (12288K)
 Metaspace       used 48530K, capacity 49663K, committed 49664K, reserved 1091584K
  class space    used 6200K, capacity 6656K, committed 6656K, reserved 1048576K
}
Event: 15.692 GC heap after
{Heap after GC invocations=11 (full 0):
 garbage-first heap   total 196608K, used 41128K [0x0000000080000000, 0x0000000100000000)
  region size 1024K, 14 young (14336K), 14 survivors (14336K)
 Metaspace       used 48530K, capacity 49663K, committed 49664K, reserved 1091584K
  class space    used 6200K, capacity 6656K, committed 6656K, reserved 1048576K
}
Event: 18.200 GC heap before
{Heap before GC invocations=11 (full 0):
 garbage-first heap   total 196608K, used 117928K [0x0000000080000000, 0x0000000100000000)
  region size 1024K, 90 young (92160K), 14 survivors (14336K)
 Metaspace       used 58459K, capacity 59772K, committed 59948K, reserved 1101824K
  class space    used 7442K, capacity 7961K, committed 8064K, reserved 1048576K
}
Event: 18.220 GC heap after
{Heap after GC invocations=12 (full 0):
 garbage-first heap   total 196608K, used 45775K [0x0000000080000000, 0x0000000100000000)
  region size 1024K, 5 young (5120K), 5 survivors (5120K)
 Metaspace       used 58459K, capacity 59772K, committed 59948K, reserved 1101824K
  class space    used 7442K, capacity 7961K, committed 8064K, reserved 1048576K
}

Deoptimization events (20 events):
Event: 19.023 Thread 0x0000021665b48800 DEOPT PACKING pc=0x000002164d56b257 sp=0x00000059283f3eb0
Event: 19.023 Thread 0x0000021665b48800 DEOPT UNPACKING pc=0x000002164c39a95e sp=0x00000059283f3308 mode 0
Event: 19.023 Thread 0x0000021665b48800 DEOPT PACKING pc=0x000002164d56b257 sp=0x00000059283f3eb0
Event: 19.023 Thread 0x0000021665b48800 DEOPT UNPACKING pc=0x000002164c39a95e sp=0x00000059283f3308 mode 0
Event: 19.023 Thread 0x0000021665b48800 DEOPT PACKING pc=0x000002164d56b257 sp=0x00000059283f3eb0
Event: 19.023 Thread 0x0000021665b48800 DEOPT UNPACKING pc=0x000002164c39a95e sp=0x00000059283f3308 mode 0
Event: 19.023 Thread 0x0000021665b48800 DEOPT PACKING pc=0x000002164d56b257 sp=0x00000059283f3eb0
Event: 19.023 Thread 0x0000021665b48800 DEOPT UNPACKING pc=0x000002164c39a95e sp=0x00000059283f3308 mode 0
Event: 19.024 Thread 0x0000021665b48800 DEOPT PACKING pc=0x000002164d56b257 sp=0x00000059283f3eb0
Event: 19.024 Thread 0x0000021665b48800 DEOPT UNPACKING pc=0x000002164c39a95e sp=0x00000059283f3308 mode 0
Event: 19.024 Thread 0x0000021665b48800 DEOPT PACKING pc=0x000002164d56b257 sp=0x00000059283f3eb0
Event: 19.024 Thread 0x0000021665b48800 DEOPT UNPACKING pc=0x000002164c39a95e sp=0x00000059283f3308 mode 0
Event: 19.024 Thread 0x0000021665b48800 DEOPT PACKING pc=0x000002164d56b257 sp=0x00000059283f3eb0
Event: 19.024 Thread 0x0000021665b48800 DEOPT UNPACKING pc=0x000002164c39a95e sp=0x00000059283f3308 mode 0
Event: 19.025 Thread 0x0000021665b48800 DEOPT PACKING pc=0x000002164d56b257 sp=0x00000059283f3eb0
Event: 19.025 Thread 0x0000021665b48800 DEOPT UNPACKING pc=0x000002164c39a95e sp=0x00000059283f3308 mode 0
Event: 19.025 Thread 0x0000021665b48800 DEOPT PACKING pc=0x000002164d56b257 sp=0x00000059283f3eb0
Event: 19.025 Thread 0x0000021665b48800 DEOPT UNPACKING pc=0x000002164c39a95e sp=0x00000059283f3308 mode 0
Event: 19.028 Thread 0x0000021665b48800 DEOPT PACKING pc=0x000002164d56b257 sp=0x00000059283f4220
Event: 19.028 Thread 0x0000021665b48800 DEOPT UNPACKING pc=0x000002164c39a95e sp=0x00000059283f3678 mode 0

Classes redefined (0 events):
No events

Internal exceptions (20 events):
Event: 15.961 Thread 0x0000021665a8e000 Exception <a 'java/lang/NoSuchMethodError'{0x000000008b50aa08}: <clinit>> (0x000000008b50aa08) thrown at [./src/hotspot/share/prims/jni.cpp, line 1365]
Event: 15.964 Thread 0x0000021665b48800 Exception <a 'java/lang/ClassNotFoundException'{0x000000008b529158}: build_6gndc4x7cg1remjykwbo1s1foBeanInfo> (0x000000008b529158) thrown at [./src/hotspot/share/classfile/systemDictionary.cpp, line 231]
Event: 15.965 Thread 0x0000021665b48800 Exception <a 'java/lang/ClassNotFoundException'{0x000000008b534110}: build_6gndc4x7cg1remjykwbo1s1foCustomizer> (0x000000008b534110) thrown at [./src/hotspot/share/classfile/systemDictionary.cpp, line 231]
Event: 15.965 Thread 0x0000021665a8e000 Exception <a 'java/lang/NoSuchMethodError'{0x000000008b514d30}: <clinit>> (0x000000008b514d30) thrown at [./src/hotspot/share/prims/jni.cpp, line 1365]
Event: 15.968 Thread 0x0000021665a8e000 Exception <a 'java/lang/NoSuchMethodError'{0x000000008b5a8690}: <clinit>> (0x000000008b5a8690) thrown at [./src/hotspot/share/prims/jni.cpp, line 1365]
Event: 16.009 Thread 0x0000021665b48800 Exception <a 'java/lang/ClassNotFoundException'{0x000000008b4fe640}: org/gradle/api/internal/plugins/DefaultObjectConfigurationActionBeanInfo> (0x000000008b4fe640) thrown at [./src/hotspot/share/classfile/systemDictionary.cpp, line 231]
Event: 16.010 Thread 0x0000021665b48800 Exception <a 'java/lang/ClassNotFoundException'{0x000000008b333db8}: org/gradle/api/internal/plugins/DefaultObjectConfigurationActionCustomizer> (0x000000008b333db8) thrown at [./src/hotspot/share/classfile/systemDictionary.cpp, line 231]
Event: 16.307 Thread 0x0000021665b48800 Exception <a 'java/lang/NoSuchMethodError'{0x000000008a97d668}: 'java.lang.Object java.lang.invoke.DirectMethodHandle$Holder.invokeStatic(java.lang.Object, java.lang.Object, java.lang.Object, java.lang.Object, int)'> (0x000000008a97d668) thrown at [./src/hotspot/share/interpreter/linkResolver.cpp, line 773]
Event: 16.313 Thread 0x0000021665b48800 Exception <a 'java/lang/NoSuchMethodError'{0x000000008a982328}: 'java.lang.Object java.lang.invoke.DirectMethodHandle$Holder.invokeSpecial(java.lang.Object, java.lang.Object, java.lang.Object, java.lang.Object, java.lang.Object, int)'> (0x000000008a982328) thrown at [./src/hotspot/share/interpreter/linkResolver.cpp, line 773]
Event: 16.317 Thread 0x0000021665b48800 Exception <a 'java/lang/NoSuchMethodError'{0x000000008a986968}: 'java.lang.Object java.lang.invoke.Invokers$Holder.linkToTargetMethod(java.lang.Object, java.lang.Object, java.lang.Object, int, java.lang.Object)'> (0x000000008a986968) thrown at [./src/hotspot/share/interpreter/linkResolver.cpp, line 773]
Event: 16.814 Thread 0x0000021665b48800 Exception <a 'java/lang/NoSuchMethodError'{0x0000000089906028}: 'java.lang.Object java.lang.invoke.DirectMethodHandle$Holder.invokeSpecial(java.lang.Object, java.lang.Object, int, int, java.lang.Object, java.lang.Object, java.lang.Object)'> (0x0000000089906028) thrown at [./src/hotspot/share/interpreter/linkResolver.cpp, line 773]
Event: 16.814 Thread 0x0000021665b48800 Exception <a 'java/lang/NoSuchMethodError'{0x000000008990a5a8}: 'java.lang.Object java.lang.invoke.DelegatingMethodHandle$Holder.reinvoke_L(java.lang.Object, int, int, java.lang.Object, java.lang.Object, java.lang.Object)'> (0x000000008990a5a8) thrown at [./src/hotspot/share/interpreter/linkResolver.cpp, line 773]
Event: 17.406 Thread 0x0000021665b48800 Exception <a 'java/lang/NoSuchMethodError'{0x0000000088d909a0}: 'int java.lang.invoke.DirectMethodHandle$Holder.invokeInterface(java.lang.Object, java.lang.Object, java.lang.Object, java.lang.Object)'> (0x0000000088d909a0) thrown at [./src/hotspot/share/interpreter/linkResolver.cpp, line 773]
Event: 17.959 Thread 0x0000021665b48800 Exception <a 'java/lang/NoSuchMethodError'{0x0000000087d95c90}: 'void java.lang.invoke.DirectMethodHandle$Holder.invokeInterface(java.lang.Object, java.lang.Object, java.lang.Object, java.lang.Object)'> (0x0000000087d95c90) thrown at [./src/hotspot/share/interpreter/linkResolver.cpp, line 773]
Event: 18.199 Thread 0x0000021665b48800 Exception <a 'java/lang/IncompatibleClassChangeError'{0x000000008741cdb8}: Found class java.lang.Object, but interface was expected> (0x000000008741cdb8) thrown at [./src/hotspot/share/interpreter/linkResolver.cpp, line 839]
Event: 18.338 Thread 0x0000021665b48800 Implicit null exception at 0x000002165404cdd4 to 0x000002165404cfb8
Event: 18.338 Thread 0x0000021665b48800 Implicit null exception at 0x000002165411cdd2 to 0x000002165411d768
Event: 18.738 Thread 0x0000021665b48800 Implicit null exception at 0x0000021653f8de0b to 0x0000021653f8dee4
Event: 18.884 Thread 0x0000021665b48800 Implicit null exception at 0x0000021653fbc22c to 0x0000021653fbc3da
Event: 19.073 Thread 0x0000021665b48800 Exception <a 'sun/nio/fs/WindowsException'{0x000000008a902a60}> (0x000000008a902a60) thrown at [./src/hotspot/share/prims/jni.cpp, line 615]

Events (20 events):
Event: 19.178 loading class org/objectweb/asm/Edge
Event: 19.178 loading class org/objectweb/asm/Edge done
Event: 19.183 loading class org/objectweb/asm/Attribute
Event: 19.183 loading class org/objectweb/asm/Attribute done
Event: 19.184 loading class org/objectweb/asm/Handler
Event: 19.184 loading class org/objectweb/asm/Handler done
Event: 19.187 loading class org/gradle/api/logging/Logger
Event: 19.187 loading class org/gradle/api/logging/Logger done
Event: 19.187 loading class com/google/common/util/concurrent/Uninterruptibles
Event: 19.187 loading class com/google/common/util/concurrent/Uninterruptibles done
Event: 19.188 loading class com/google/common/util/concurrent/AbstractFuture$SetFuture
Event: 19.188 loading class com/google/common/util/concurrent/AbstractFuture$SetFuture done
Event: 19.189 loading class com/google/common/util/concurrent/AbstractFuture$Cancellation
Event: 19.189 loading class com/google/common/util/concurrent/AbstractFuture$Cancellation done
Event: 19.189 loading class com/google/common/util/concurrent/AbstractFuture$Failure
Event: 19.189 loading class com/google/common/util/concurrent/AbstractFuture$Failure done
Event: 19.189 loading class com/google/common/cache/LocalCache$StrongValueReference
Event: 19.189 loading class com/google/common/cache/LocalCache$StrongValueReference done
Event: 19.190 loading class com/android/builder/core/AbstractProductFlavor$Companion
Event: 19.190 loading class com/android/builder/core/AbstractProductFlavor$Companion done


Dynamic libraries:
0x00007ff78a4f0000 - 0x00007ff78a4fa000 	C:\Program Files\Android\Android Studio\jre\bin\java.exe
0x00007ffbd8490000 - 0x00007ffbd8685000 	C:\Windows\SYSTEM32\ntdll.dll
0x00007ffbd6770000 - 0x00007ffbd682d000 	C:\Windows\System32\KERNEL32.DLL
0x00007ffbd5e80000 - 0x00007ffbd614d000 	C:\Windows\System32\KERNELBASE.dll
0x00007ffbd6330000 - 0x00007ffbd6430000 	C:\Windows\System32\ucrtbase.dll
0x00007ffbd1210000 - 0x00007ffbd1227000 	C:\Program Files\Android\Android Studio\jre\bin\VCRUNTIME140.dll
0x00007ffbc1f50000 - 0x00007ffbc1f69000 	C:\Program Files\Android\Android Studio\jre\bin\jli.dll
0x00007ffbd69b0000 - 0x00007ffbd6b50000 	C:\Windows\System32\USER32.dll
0x00007ffbd6280000 - 0x00007ffbd62a2000 	C:\Windows\System32\win32u.dll
0x00007ffbc2430000 - 0x00007ffbc26ca000 	C:\Windows\WinSxS\amd64_microsoft.windows.common-controls_6595b64144ccf1df_6.0.19041.1110_none_60b5254171f9507e\COMCTL32.dll
0x00007ffbd8170000 - 0x00007ffbd819a000 	C:\Windows\System32\GDI32.dll
0x00007ffbd7aa0000 - 0x00007ffbd7b3e000 	C:\Windows\System32\msvcrt.dll
0x00007ffbd5ba0000 - 0x00007ffbd5cab000 	C:\Windows\System32\gdi32full.dll
0x00007ffbd61e0000 - 0x00007ffbd627d000 	C:\Windows\System32\msvcp_win.dll
0x00007ffbd83b0000 - 0x00007ffbd83e0000 	C:\Windows\System32\IMM32.DLL
0x00007ffba0ce0000 - 0x00007ffba0d7d000 	C:\Program Files\Android\Android Studio\jre\bin\msvcp140.dll
0x00007ffb6d9d0000 - 0x00007ffb6e4b5000 	C:\Program Files\Android\Android Studio\jre\bin\server\jvm.dll
0x00007ffbd7b40000 - 0x00007ffbd7bee000 	C:\Windows\System32\ADVAPI32.dll
0x00007ffbd6910000 - 0x00007ffbd69ac000 	C:\Windows\System32\sechost.dll
0x00007ffbd6640000 - 0x00007ffbd6765000 	C:\Windows\System32\RPCRT4.dll
0x00007ffbd8090000 - 0x00007ffbd8098000 	C:\Windows\System32\PSAPI.DLL
0x00007ffbbfa90000 - 0x00007ffbbfa99000 	C:\Windows\SYSTEM32\WSOCK32.dll
0x00007ffbd7a30000 - 0x00007ffbd7a9b000 	C:\Windows\System32\WS2_32.dll
0x00007ffbc01b0000 - 0x00007ffbc01d7000 	C:\Windows\SYSTEM32\WINMM.dll
0x00007ffbce490000 - 0x00007ffbce49a000 	C:\Windows\SYSTEM32\VERSION.dll
0x00007ffbd4480000 - 0x00007ffbd4492000 	C:\Windows\SYSTEM32\kernel.appcore.dll
0x00007ffbb8c80000 - 0x00007ffbb8c91000 	C:\Program Files\Android\Android Studio\jre\bin\verify.dll
0x00007ffbd4130000 - 0x00007ffbd4314000 	C:\Windows\SYSTEM32\DBGHELP.DLL
0x00007ffbbadb0000 - 0x00007ffbbaddc000 	C:\Windows\SYSTEM32\dbgcore.DLL
0x00007ffbd6150000 - 0x00007ffbd61d2000 	C:\Windows\System32\bcryptPrimitives.dll
0x00007ffbb5570000 - 0x00007ffbb5599000 	C:\Program Files\Android\Android Studio\jre\bin\java.dll
0x00007ffbcf520000 - 0x00007ffbcf52b000 	C:\Program Files\Android\Android Studio\jre\bin\jimage.dll
0x00007ffbb2d70000 - 0x00007ffbb2d88000 	C:\Program Files\Android\Android Studio\jre\bin\zip.dll
0x00007ffbd6c80000 - 0x00007ffbd73c4000 	C:\Windows\System32\SHELL32.dll
0x00007ffbd3990000 - 0x00007ffbd4124000 	C:\Windows\SYSTEM32\windows.storage.dll
0x00007ffbd7c00000 - 0x00007ffbd7f54000 	C:\Windows\System32\combase.dll
0x00007ffbd5530000 - 0x00007ffbd555c000 	C:\Windows\SYSTEM32\Wldp.dll
0x00007ffbd7fe0000 - 0x00007ffbd808d000 	C:\Windows\System32\SHCORE.dll
0x00007ffbd79d0000 - 0x00007ffbd7a25000 	C:\Windows\System32\shlwapi.dll
0x00007ffbd5ae0000 - 0x00007ffbd5aff000 	C:\Windows\SYSTEM32\profapi.dll
0x00007ffbb2d50000 - 0x00007ffbb2d6a000 	C:\Program Files\Android\Android Studio\jre\bin\net.dll
0x00007ffbc21b0000 - 0x00007ffbc22ba000 	C:\Windows\SYSTEM32\WINHTTP.dll
0x00007ffbd5290000 - 0x00007ffbd52fa000 	C:\Windows\system32\mswsock.dll
0x00007ffbb2d30000 - 0x00007ffbb2d44000 	C:\Program Files\Android\Android Studio\jre\bin\nio.dll
0x00007ffbc1cb0000 - 0x00007ffbc1cd7000 	C:\Users\denaa\.gradle\native\e1d6ef7f7dcc3fd88c89a11ec53ec762bb8ba0a96d01ffa2cd45eb1d1d8dd5c5\windows-amd64\native-platform.dll
0x00007ffb9da00000 - 0x00007ffb9db44000 	C:\Users\denaa\.gradle\native\5664cfc778a61ccfe75a443a1ab52a65af34e5dc3c78e0209fed803814484fcb\windows-amd64\native-platform-file-events.dll
0x00007ffbc1c20000 - 0x00007ffbc1c2a000 	C:\Program Files\Android\Android Studio\jre\bin\management.dll
0x00007ffbbcde0000 - 0x00007ffbbcded000 	C:\Program Files\Android\Android Studio\jre\bin\management_ext.dll
0x00007ffbd5480000 - 0x00007ffbd5498000 	C:\Windows\SYSTEM32\CRYPTSP.dll
0x00007ffbd4c10000 - 0x00007ffbd4c44000 	C:\Windows\system32\rsaenh.dll
0x00007ffbd6300000 - 0x00007ffbd6327000 	C:\Windows\System32\bcrypt.dll
0x00007ffbd5a60000 - 0x00007ffbd5a8e000 	C:\Windows\SYSTEM32\USERENV.dll
0x00007ffbd54a0000 - 0x00007ffbd54ac000 	C:\Windows\SYSTEM32\CRYPTBASE.dll
0x00007ffbd4f80000 - 0x00007ffbd4fbb000 	C:\Windows\SYSTEM32\IPHLPAPI.DLL
0x00007ffbd8440000 - 0x00007ffbd8448000 	C:\Windows\System32\NSI.dll
0x00007ffbc9a80000 - 0x00007ffbc9a97000 	C:\Windows\SYSTEM32\dhcpcsvc6.DLL
0x00007ffbc90a0000 - 0x00007ffbc90bd000 	C:\Windows\SYSTEM32\dhcpcsvc.DLL
0x00007ffbd4fc0000 - 0x00007ffbd508b000 	C:\Windows\SYSTEM32\DNSAPI.dll

dbghelp: loaded successfully - version: 4.0.5 - missing functions: none
symbol engine: initialized successfully - sym options: 0x614 - pdb path: .;C:\Program Files\Android\Android Studio\jre\bin;C:\Windows\SYSTEM32;C:\Windows\WinSxS\amd64_microsoft.windows.common-controls_6595b64144ccf1df_6.0.19041.1110_none_60b5254171f9507e;C:\Program Files\Android\Android Studio\jre\bin\server;C:\Users\denaa\.gradle\native\e1d6ef7f7dcc3fd88c89a11ec53ec762bb8ba0a96d01ffa2cd45eb1d1d8dd5c5\windows-amd64;C:\Users\denaa\.gradle\native\5664cfc778a61ccfe75a443a1ab52a65af34e5dc3c78e0209fed803814484fcb\windows-amd64

VM Arguments:
jvm_args: --add-opens=java.base/java.util=ALL-UNNAMED --add-opens=java.base/java.lang=ALL-UNNAMED --add-opens=java.base/java.lang.invoke=ALL-UNNAMED --add-opens=java.base/java.util=ALL-UNNAMED --add-opens=java.prefs/java.util.prefs=ALL-UNNAMED --add-opens=java.prefs/java.util.prefs=ALL-UNNAMED --add-opens=java.base/java.nio.charset=ALL-UNNAMED --add-opens=java.base/java.net=ALL-UNNAMED --add-opens=java.base/java.util.concurrent.atomic=ALL-UNNAMED -Xmx2048m -Dfile.encoding=UTF-8 -Duser.country=BR -Duser.language=pt -Duser.variant 
java_command: org.gradle.launcher.daemon.bootstrap.GradleDaemon 7.3.3
java_class_path (initial): C:\Users\denaa\.gradle\wrapper\dists\gradle-7.3.3-bin\6a41zxkdtcxs8rphpq6y0069z\gradle-7.3.3\lib\gradle-launcher-7.3.3.jar
Launcher Type: SUN_STANDARD

[Global flags]
     intx CICompilerCount                          = 3                                         {product} {ergonomic}
     uint ConcGCThreads                            = 1                                         {product} {ergonomic}
     uint G1ConcRefinementThreads                  = 4                                         {product} {ergonomic}
   size_t G1HeapRegionSize                         = 1048576                                   {product} {ergonomic}
    uintx GCDrainStackTargetSize                   = 64                                        {product} {ergonomic}
   size_t InitialHeapSize                          = 201326592                                 {product} {ergonomic}
   size_t MarkStackSize                            = 4194304                                   {product} {ergonomic}
   size_t MaxHeapSize                              = 2147483648                                {product} {command line}
   size_t MaxNewSize                               = 1287651328                                {product} {ergonomic}
   size_t MinHeapDeltaBytes                        = 1048576                                   {product} {ergonomic}
    uintx NonNMethodCodeHeapSize                   = 5830732                                {pd product} {ergonomic}
    uintx NonProfiledCodeHeapSize                  = 122913754                              {pd product} {ergonomic}
    uintx ProfiledCodeHeapSize                     = 122913754                              {pd product} {ergonomic}
    uintx ReservedCodeCacheSize                    = 251658240                              {pd product} {ergonomic}
     bool SegmentedCodeCache                       = true                                      {product} {ergonomic}
     bool UseCompressedClassPointers               = true                                 {lp64_product} {ergonomic}
     bool UseCompressedOops                        = true                                 {lp64_product} {ergonomic}
     bool UseG1GC                                  = true                                      {product} {ergonomic}
     bool UseLargePagesIndividualAllocation        = false                                  {pd product} {ergonomic}

Logging:
Log output configuration:
 #0: stdout all=warning uptime,level,tags
 #1: stderr all=off uptime,level,tags

Environment Variables:
PATH=C:\Windows\system32;C:\Windows;C:\Windows\System32\Wbem;C:\Windows\System32\WindowsPowerShell\v1.0\;C:\Windows\System32\OpenSSH\;c:\xampp\php;C:\Program Files\Git\cmd;C:\Program Files (x86)\Intel\Intel(R) Management Engine Components\DAL;C:\Program Files\Intel\Intel(R) Management Engine Components\DAL;C:\Program Files\dotnet\;C:\Users\denaa\AppData\Local\Microsoft\WindowsApps;;C:\Users\denaa\AppData\Local\Programs\Microsoft VS Code\bin
USERNAME=denaa
OS=Windows_NT
PROCESSOR_IDENTIFIER=Intel64 Family 6 Model 142 Stepping 9, GenuineIntel



---------------  S Y S T E M  ---------------

OS: Windows 10 , 64 bit Build 19041 (10.0.19041.1706)
OS uptime: 15 days 20:42 hours

CPU:total 4 (initial active 4) (2 cores per cpu, 2 threads per core) family 6 model 142 stepping 9 microcode 0xea, cmov, cx8, fxsr, mmx, sse, sse2, sse3, ssse3, sse4.1, sse4.2, popcnt, avx, avx2, aes, clmul, erms, rtm, 3dnowpref, lzcnt, ht, tsc, tscinvbit, bmi1, bmi2, adx, fma

Memory: 4k page, system-wide physical 12169M (465M free)
TotalPageFile size 42614M (AvailPageFile size 5M)
current process WorkingSet (physical memory assigned to process): 354M, peak: 354M
current process commit charge ("private bytes"): 418M, peak: 419M

vm_info: OpenJDK 64-Bit Server VM (11.0.12+7-b1504.28-7817840) for windows-amd64 JRE (11.0.12+7-b1504.28-7817840), built on Oct 13 2021 22:12:33 by "builder" with MS VC++ 14.0 (VS2015)

END.
